


Для каждой комнаты выводим все комнаты с таким же классом

mysql root@(none):labs> select  r1.room_id, r2.room_id from Room as r1 inner join Room as r2 on r1.`Class`=r2.
                        Class where r1.room_id>r2.room_id order by 1                                          
+---------+---------+
| room_id | room_id |
+---------+---------+
| 2       | 1       |
| 4       | 1       |
| 4       | 2       |
| 5       | 3       |
| 6       | 1       |
| 6       | 2       |
| 6       | 4       |
| 7       | 3       |
| 7       | 5       |
| 8       | 3       |
| 8       | 5       |
| 8       | 7       |
| 9       | 3       |
| 9       | 5       |
| 9       | 7       |
| 9       | 8       |
| 11      | 3       |
| 11      | 5       |
| 11      | 7       |
| 11      | 8       |
| 11      | 9       |
| 12      | 3       |
| 12      | 5       |
| 12      | 7       |
| 12      | 8       |
| 12      | 9       |
| 12      | 11      |
| 13      | 3       |
| 13      | 5       |
| 13      | 7       |
| 13      | 8       |
| 13      | 9       |
| 13      | 11      |
| 13      | 12      |
| 14      | 1       |
| 14      | 2       |
| 14      | 4       |
| 14      | 6       |
| 15      | 1       |
| 15      | 2       |
| 15      | 4       |
| 15      | 6       |
| 15      | 14      |
| 16      | 3       |
| 16      | 5       |
| 16      | 7       |
| 16      | 8       |
| 16      | 9       |
| 16      | 11      |
| 16      | 12      |
| 16      | 13      |
| 17      | 3       |
| 17      | 5       |
| 17      | 7       |
| 17      | 8       |
| 17      | 9       |
| 17      | 11      |
| 17      | 12      |
| 17      | 13      |
| 17      | 16      |
| 18      | 1       |
| 18      | 2       |
| 18      | 4       |
| 18      | 6       |
| 18      | 14      |
| 18      | 15      |
| 19      | 1       |
| 19      | 2       |
| 19      | 4       |
| 19      | 6       |
| 19      | 14      |
| 19      | 15      |
| 19      | 18      |
| 20      | 1       |
| 20      | 2       |
| 20      | 4       |
| 20      | 6       |
| 20      | 14      |
| 20      | 15      |
| 20      | 18      |
| 20      | 19      |
+---------+---------+





Для каждого человека вывести имена всех людей с таким же возрастом

mysql root@(none):labs> select  p1.`Full_name`, p2.`Full_name`, p1.`Age` from `
                        People` as p1 inner join `People` as p2 on p1.`Age`=p2.
                        `Age` and p1.person_id!=p2.person_id                   
+----------------+----------------+-----+
| Full_name      | Full_name      | Age |
+----------------+----------------+-----+
| Жоржи Мухаммед | Синдзи Почитта | 47  |
| Синдзи Почитта | Жоржи Мухаммед | 47  |
+----------------+----------------+-----+


Еще способ сделать такую же выборку:

mysql root@(none):labs> select  p1.`Full_name`, p2.`Full_name`, p1.`Age` from `
                        People` as p1, `People` as p2 where p1.`Age`=p2.`Age` a
                        nd p1.person_id!=p2.person_id                          
+----------------+----------------+-----+
| Full_name      | Full_name      | Age |
+----------------+----------------+-----+
| Жоржи Мухаммед | Синдзи Почитта | 47  |
| Синдзи Почитта | Жоржи Мухаммед | 47  |
+----------------+----------------+-----+


Люди с одинаковыми фамилиями

mysql root@(none):labs> select A.Full_name, B.Full_name from `People` A inner jo
                        in `People` B on substring(A.`Full_name`, LOCATE(' ', A.
                        `Full_name`) + 1)= substring(B.`Full_name`, LOCATE(' ', 
                        B.Full_name) + 1) where A.person_id > B.person_id       
+-------------------+------------------+
| Full_name         | Full_name        |
+-------------------+------------------+
| Жоржи Мухаммед    | Кира Мухаммед    |
| Джозеф Джостар    | Фэй Джостар      |
| Илья Лайт         | Джолин Лайт      |
| Джонатан Макинами | Мива Макинами    |
| Джонатан Почитта  | Синдзи Почитта   |
| Джолин Агацума    | Дива Агацума     |
| Дива Почитта      | Синдзи Почитта   |
| Дива Почитта      | Джонатан Почитта |
| Илья Амане        | Константин Амане |
| Джонатан Ленгли   | Роуз Ленгли      |
+-------------------+------------------+

