Вывести имена людей и id комнат, в которых они проживали

mysql root@(none):labs> select room_id, (select Full_name from `People` where `People`.person_id = `Ho
                        telOrder`.person_id ) as Name from `HotelOrder` order by room_id              
+---------+-------------------+
| room_id | Name              |
+---------+-------------------+
| 1       | Роуз Геноза       |
| 3       | Фэй Джостар       |
| 3       | Джонатан Ленгли   |
| 4       | Фэй Джостар       |
| 4       | Жоржи Мухаммед    |
| 7       | Мива Макинами     |
| 8       | Кира Мухаммед     |
| 9       | Даниил Куджо      |
| 10      | Даниил Куджо      |
| 11      | Джонатан Макинами |
| 12      | Роуз Ленгли       |
| 15      | Дива Агацума      |
| 16      | Даниил Куджо      |
| 17      | Джонатан Ленгли   |
| 18      | Жоржи Мухаммед    |
| 19      | Жоржи Мухаммед    |
| 19      | Дива Почитта      |
| 19      | Роуз Ленгли       |
| 20      | Джолин Агацума    |
| 20      | Дива Агацума      |
+---------+-------------------+


Для всех людей, живших в отеле, вывести дату последнего посещения

mysql root@(none):labs> select person_id, `DateInfo`, `Stars` from `HotelOrder` as ho1 where `DateInfo
                        ` = (select max(`DateInfo`) from `HotelOrder` as ho2 where ho1.person_id=ho2.p
                        erson_id) order by person_id                                                  
+-----------+------------+-------+
| person_id | DateInfo   | Stars |
+-----------+------------+-------+
| 1         | 2005-04-14 | 3     |
| 2         | 1982-05-13 | 5     |
| 6         | 1993-06-29 | 3     |
| 7         | 2007-03-14 | 0     |
| 8         | 2014-12-07 | 4     |
| 9         | 2001-06-22 | 1     |
| 13        | 2012-07-21 | 5     |
| 14        | 1975-08-11 | 3     |
| 16        | 2009-02-03 | 2     |
| 17        | 1999-01-26 | 0     |
| 18        | 1990-06-22 | 1     |
| 20        | 1997-03-21 | 3     |
+-----------+------------+-------+


Для всех комнат, в которых когда-либо заселялись, вывести максимальную оценку

mysql root@(none):labs> select distinct room_id, person_id, `Stars` from `HotelOrder` as ho1 where `Stars` = (selec
                        t max(ho2.`Stars`) from `HotelOrder` as ho2 where ho1.room_id = ho2.room_id)               
+---------+-----------+-------+
| room_id | person_id | Stars |
+---------+-----------+-------+
| 20      | 17        | 0     |
| 1       | 9         | 1     |
| 11      | 14        | 3     |
| 3       | 8         | 4     |
| 12      | 16        | 5     |
| 16      | 7         | 4     |
| 7       | 1         | 3     |
| 15      | 13        | 5     |
| 19      | 6         | 4     |
| 9       | 7         | 0     |
| 17      | 20        | 4     |
| 10      | 7         | 2     |
| 8       | 2         | 5     |
| 18      | 6         | 1     |
| 4       | 8         | 4     |
| 20      | 13        | 0     |
+---------+-----------+-------+

Средняя оценка для всех комнат

mysql root@(none):labs> select distinct room_id, (select avg(`Stars`) from `HotelOrder` as ho2 where ho1.room_id=ho
                        2.room_id ) as Mean from `HotelOrder` as ho1                                               
+---------+--------+
| room_id | Mean   |
+---------+--------+
| 1       | 1.0000 |
| 3       | 3.5000 |
| 4       | 3.5000 |
| 7       | 3.0000 |
| 8       | 5.0000 |
| 9       | 0.0000 |
| 10      | 2.0000 |
| 11      | 3.0000 |
| 12      | 5.0000 |
| 15      | 5.0000 |
| 16      | 4.0000 |
| 17      | 4.0000 |
| 18      | 1.0000 |
| 19      | 2.3333 |
| 20      | 0.0000 |
+---------+--------+



